Flutter crash report; please file at https://github.com/flutter/flutter/issues.

## command

flutter packages get

## exception

YamlException: Error on line 34, column 1: Expected ':'.
   ╷
34 │ dev_dependencies:
   │ ^
   ╵

```
#0      Scanner._staleSimpleKeys (package:yaml/src/scanner.dart:491:9)
#1      Scanner._fetchMoreTokens (package:yaml/src/scanner.dart:325:9)
#2      Scanner.peek (package:yaml/src/scanner.dart:317:27)
#3      Parser._parseBlockMappingKey (package:yaml/src/parser.dart:411:26)
#4      Parser._stateMachine (package:yaml/src/parser.dart:86:16)
#5      Parser.parse (package:yaml/src/parser.dart:47:19)
#6      Loader._loadMapping (package:yaml/src/loader.dart:169:23)
#7      Loader._loadNode (package:yaml/src/loader.dart:86:16)
#8      Loader._loadMapping (package:yaml/src/loader.dart:163:19)
#9      Loader._loadNode (package:yaml/src/loader.dart:86:16)
#10     Loader._loadDocument (package:yaml/src/loader.dart:62:20)
#11     Loader.load (package:yaml/src/loader.dart:54:20)
#12     loadYamlDocument (package:yaml/yaml.dart:51:25)
#13     loadYamlNode (package:yaml/yaml.dart:42:5)
#14     loadYaml (package:yaml/yaml.dart:34:5)
#15     FlutterManifest.createFromString (package:flutter_tools/src/flutter_manifest.dart:38:28)
#16     FlutterManifest.createFromPath (package:flutter_tools/src/flutter_manifest.dart:32:12)
#17     FlutterProject._readManifest (package:flutter_tools/src/project.dart:167:54)
#18     FlutterProject.fromDirectory (package:flutter_tools/src/project.dart:45:38)
#19     FlutterProject.fromPath (package:flutter_tools/src/project.dart:60:50)
#20     PackagesGetCommand.usageValues (package:flutter_tools/src/commands/packages.dart:80:55)
<asynchronous suspension>
#21     FlutterCommand._sendUsage (package:flutter_tools/src/runner/flutter_command.dart:411:58)
<asynchronous suspension>
#22     FlutterCommand.run.<anonymous closure> (package:flutter_tools/src/runner/flutter_command.dart:392:17)
<asynchronous suspension>
#23     AppContext.run.<anonymous closure> (package:flutter_tools/src/base/context.dart:153:29)
<asynchronous suspension>
#24     _rootRun (dart:async/zone.dart:1124:13)
#25     _CustomZone.run (dart:async/zone.dart:1021:19)
#26     _runZoned (dart:async/zone.dart:1516:10)
#27     runZoned (dart:async/zone.dart:1463:12)
#28     AppContext.run (package:flutter_tools/src/base/context.dart:152:18)
<asynchronous suspension>
#29     FlutterCommand.run (package:flutter_tools/src/runner/flutter_command.dart:375:20)
#30     CommandRunner.runCommand (package:args/command_runner.dart:197:27)
<asynchronous suspension>
#31     FlutterCommandRunner.runCommand.<anonymous closure> (package:flutter_tools/src/runner/flutter_command_runner.dart:396:21)
<asynchronous suspension>
#32     AppContext.run.<anonymous closure> (package:flutter_tools/src/base/context.dart:153:29)
<asynchronous suspension>
#33     _rootRun (dart:async/zone.dart:1124:13)
#34     _CustomZone.run (dart:async/zone.dart:1021:19)
#35     _runZoned (dart:async/zone.dart:1516:10)
#36     runZoned (dart:async/zone.dart:1463:12)
#37     AppContext.run (package:flutter_tools/src/base/context.dart:152:18)
<asynchronous suspension>
#38     FlutterCommandRunner.runCommand (package:flutter_tools/src/runner/flutter_command_runner.dart:356:19)
<asynchronous suspension>
#39     CommandRunner.run.<anonymous closure> (package:args/command_runner.dart:112:25)
#40     new Future.sync (dart:async/future.dart:224:31)
#41     CommandRunner.run (package:args/command_runner.dart:112:14)
#42     FlutterCommandRunner.run (package:flutter_tools/src/runner/flutter_command_runner.dart:242:18)
#43     run.<anonymous closure>.<anonymous closure> (package:flutter_tools/runner.dart:62:22)
<asynchronous suspension>
#44     _rootRun (dart:async/zone.dart:1124:13)
#45     _CustomZone.run (dart:async/zone.dart:1021:19)
#46     _runZoned (dart:async/zone.dart:1516:10)
#47     runZoned (dart:async/zone.dart:1500:12)
#48     run.<anonymous closure> (package:flutter_tools/runner.dart:60:18)
<asynchronous suspension>
#49     AppContext.run.<anonymous closure> (package:flutter_tools/src/base/context.dart:153:29)
<asynchronous suspension>
#50     _rootRun (dart:async/zone.dart:1124:13)
#51     _CustomZone.run (dart:async/zone.dart:1021:19)
#52     _runZoned (dart:async/zone.dart:1516:10)
#53     runZoned (dart:async/zone.dart:1463:12)
#54     AppContext.run (package:flutter_tools/src/base/context.dart:152:18)
<asynchronous suspension>
#55     runInContext (package:flutter_tools/src/context_runner.dart:56:24)
<asynchronous suspension>
#56     run (package:flutter_tools/runner.dart:51:10)
#57     main (package:flutter_tools/executable.dart:62:9)
<asynchronous suspension>
#58     main (file:///D:/flutter/flutter/packages/flutter_tools/bin/flutter_tools.dart:8:3)
#59     _startIsolate.<anonymous closure> (dart:isolate-patch/isolate_patch.dart:299:32)
#60     _RawReceivePortImpl._handleMessage (dart:isolate-patch/isolate_patch.dart:172:12)
```

## flutter doctor

```
[✓] Flutter (Channel stable, v1.7.8+hotfix.3, on Microsoft Windows [Version 10.0.17134.885], locale zh-TW)
    • Flutter version 1.7.8+hotfix.3 at D:\flutter\flutter
    • Framework revision b712a172f9 (3 weeks ago), 2019-07-09 13:14:38 -0700
    • Engine revision 54ad777fd2
    • Dart version 2.4.0

[✓] Android toolchain - develop for Android devices (Android SDK version 28.0.3)
    • Android SDK at C:\Users\USER\AppData\Local\Android\sdk
    • Android NDK location not configured (optional; useful for native profiling support)
    • Platform android-28, build-tools 28.0.3
    • Java binary at: C:\Program Files\Android\Android Studio\jre\bin\java
    • Java version OpenJDK Runtime Environment (build 1.8.0_152-release-1248-b01)
    • All Android licenses accepted.

[✓] Android Studio (version 3.3)
    • Android Studio at C:\Program Files\Android\Android Studio
    • Flutter plugin version 33.3.1
    • Dart plugin version 182.5215
    • Java version OpenJDK Runtime Environment (build 1.8.0_152-release-1248-b01)

[✓] VS Code, 64-bit edition (version 1.36.1)
    • VS Code at C:\Program Files\Microsoft VS Code
    • Flutter extension version 3.2.0

[✓] Connected device (1 available)
    • Android SDK built for x86 • emulator-5554 • android-x86 • Android 8.0.0 (API 26) (emulator)

• No issues found!
```
